{
  "RSpec": {
    "coverage": {
      "/home/greeneca/colibri/locomotive_plugin_gems/page_redirect_plugin/lib/locomotive_page_redirect_plugin.rb": [
        1
      ],
      "/home/greeneca/colibri/locomotive_plugin_gems/page_redirect_plugin/lib/locomotive/page_redirect/plugin.rb": [
        1,
        1,
        null,
        1,
        1,
        1,
        1,
        null,
        1,
        1,
        null,
        1,
        0,
        null,
        null,
        1,
        null,
        1,
        0,
        null,
        null,
        null,
        1,
        2,
        null,
        null,
        null,
        1,
        2,
        2,
        null,
        null,
        null,
        null,
        null,
        1,
        2,
        2,
        2,
        2,
        2,
        2,
        2,
        1,
        1,
        0,
        null,
        1,
        null,
        null,
        null,
        null,
        null,
        null,
        null
      ],
      "/home/greeneca/colibri/locomotive_plugin_gems/page_redirect_plugin/lib/locomotive/page_redirect/plugin/config.rb": [
        1,
        1,
        1,
        1,
        2,
        null,
        1,
        6,
        null,
        null,
        1,
        1,
        2,
        null,
        null,
        null,
        null,
        2,
        4,
        4,
        null,
        null,
        null,
        null
      ]
    },
    "timestamp": 1409515928
  }
}
